<?xml version="1.0" encoding="UTF-8"?>
<testsuites>
  <testsuite name="" tests="32" assertions="114" errors="0" warnings="0" failures="0" skipped="0" time="1.085057">
    <testsuite name="Unit Tests" tests="32" assertions="114" errors="0" warnings="0" failures="0" skipped="0" time="1.085057">
      <testsuite name="Ksfraser\ModulesDAO\Tests\Unit\CallableDbTableStoreTest" file="C:\Users\prote\Documents\ksf_generate_catalogue\ModulesDAO\tests\Unit\CallableDbTableStoreTest.php" tests="2" assertions="11" errors="0" warnings="0" failures="0" skipped="0" time="0.019639">
        <testcase name="testCrudAndPrefixQuery" class="Ksfraser\ModulesDAO\Tests\Unit\CallableDbTableStoreTest" classname="Ksfraser.ModulesDAO.Tests.Unit.CallableDbTableStoreTest" file="C:\Users\prote\Documents\ksf_generate_catalogue\ModulesDAO\tests\Unit\CallableDbTableStoreTest.php" line="12" assertions="7" time="0.017424"/>
        <testcase name="testUnavailableStoreIsNoop" class="Ksfraser\ModulesDAO\Tests\Unit\CallableDbTableStoreTest" classname="Ksfraser.ModulesDAO.Tests.Unit.CallableDbTableStoreTest" file="C:\Users\prote\Documents\ksf_generate_catalogue\ModulesDAO\tests\Unit\CallableDbTableStoreTest.php" line="103" assertions="4" time="0.002215"/>
      </testsuite>
      <testsuite name="Ksfraser\ModulesDAO\Tests\Unit\FileKeyValueStoresTest" file="C:\Users\prote\Documents\ksf_generate_catalogue\ModulesDAO\tests\Unit\FileKeyValueStoresTest.php" tests="7" assertions="16" errors="0" warnings="0" failures="0" skipped="0" time="0.246157">
        <testcase name="testIniStoreRoundTripAndPrefix" class="Ksfraser\ModulesDAO\Tests\Unit\FileKeyValueStoresTest" classname="Ksfraser.ModulesDAO.Tests.Unit.FileKeyValueStoresTest" file="C:\Users\prote\Documents\ksf_generate_catalogue\ModulesDAO\tests\Unit\FileKeyValueStoresTest.php" line="38" assertions="7" time="0.082871"/>
        <testcase name="testJsonStoreDecodeInvalidIsEmpty" class="Ksfraser\ModulesDAO\Tests\Unit\FileKeyValueStoresTest" classname="Ksfraser.ModulesDAO.Tests.Unit.FileKeyValueStoresTest" file="C:\Users\prote\Documents\ksf_generate_catalogue\ModulesDAO\tests\Unit\FileKeyValueStoresTest.php" line="57" assertions="1" time="0.015648"/>
        <testcase name="testJsonStoreRoundTrip" class="Ksfraser\ModulesDAO\Tests\Unit\FileKeyValueStoresTest" classname="Ksfraser.ModulesDAO.Tests.Unit.FileKeyValueStoresTest" file="C:\Users\prote\Documents\ksf_generate_catalogue\ModulesDAO\tests\Unit\FileKeyValueStoresTest.php" line="66" assertions="2" time="0.072325"/>
        <testcase name="testCsvStoreHandlesHeaderAndNoHeader" class="Ksfraser\ModulesDAO\Tests\Unit\FileKeyValueStoresTest" classname="Ksfraser.ModulesDAO.Tests.Unit.FileKeyValueStoresTest" file="C:\Users\prote\Documents\ksf_generate_catalogue\ModulesDAO\tests\Unit\FileKeyValueStoresTest.php" line="77" assertions="3" time="0.010806"/>
        <testcase name="testXmlStoreEmptyFileIsEmpty" class="Ksfraser\ModulesDAO\Tests\Unit\FileKeyValueStoresTest" classname="Ksfraser.ModulesDAO.Tests.Unit.FileKeyValueStoresTest" file="C:\Users\prote\Documents\ksf_generate_catalogue\ModulesDAO\tests\Unit\FileKeyValueStoresTest.php" line="92" assertions="1" time="0.003270"/>
        <testcase name="testXmlStoreRoundTripAndSkipsMissingKeys" class="Ksfraser\ModulesDAO\Tests\Unit\FileKeyValueStoresTest" classname="Ksfraser.ModulesDAO.Tests.Unit.FileKeyValueStoresTest" file="C:\Users\prote\Documents\ksf_generate_catalogue\ModulesDAO\tests\Unit\FileKeyValueStoresTest.php" line="101" assertions="1" time="0.058502"/>
        <testcase name="testYamlStoreRoundTripWhenExtensionAvailable" class="Ksfraser\ModulesDAO\Tests\Unit\FileKeyValueStoresTest" classname="Ksfraser.ModulesDAO.Tests.Unit.FileKeyValueStoresTest" file="C:\Users\prote\Documents\ksf_generate_catalogue\ModulesDAO\tests\Unit\FileKeyValueStoresTest.php" line="112" assertions="1" time="0.002736"/>
      </testsuite>
      <testsuite name="Ksfraser\ModulesDAO\Tests\Unit\FileRecordStoresTest" file="C:\Users\prote\Documents\ksf_generate_catalogue\ModulesDAO\tests\Unit\FileRecordStoresTest.php" tests="3" assertions="12" errors="0" warnings="0" failures="0" skipped="0" time="0.137353">
        <testcase name="testAbstractFileRecordStoreReadWriteHelpers" class="Ksfraser\ModulesDAO\Tests\Unit\FileRecordStoresTest" classname="Ksfraser.ModulesDAO.Tests.Unit.FileRecordStoresTest" file="C:\Users\prote\Documents\ksf_generate_catalogue\ModulesDAO\tests\Unit\FileRecordStoresTest.php" line="36" assertions="3" time="0.051881"/>
        <testcase name="testCsvRecordStoreFindAndFindAllFilters" class="Ksfraser\ModulesDAO\Tests\Unit\FileRecordStoresTest" classname="Ksfraser.ModulesDAO.Tests.Unit.FileRecordStoresTest" file="C:\Users\prote\Documents\ksf_generate_catalogue\ModulesDAO\tests\Unit\FileRecordStoresTest.php" line="57" assertions="5" time="0.060673"/>
        <testcase name="testXmlRecordStoreScaffoldMethods" class="Ksfraser\ModulesDAO\Tests\Unit\FileRecordStoresTest" classname="Ksfraser.ModulesDAO.Tests.Unit.FileRecordStoresTest" file="C:\Users\prote\Documents\ksf_generate_catalogue\ModulesDAO\tests\Unit\FileRecordStoresTest.php" line="78" assertions="4" time="0.024798"/>
      </testsuite>
      <testsuite name="Ksfraser\ModulesDAO\Tests\Unit\FrontAccountingDbTableStoreTest" file="C:\Users\prote\Documents\ksf_generate_catalogue\ModulesDAO\tests\Unit\FrontAccountingDbTableStoreTest.php" tests="2" assertions="12" errors="0" warnings="0" failures="0" skipped="0" time="0.070009">
        <testcase name="testUnavailableThrowsOnSetAndReturnsDefaults" class="Ksfraser\ModulesDAO\Tests\Unit\FrontAccountingDbTableStoreTest" classname="Ksfraser.ModulesDAO.Tests.Unit.FrontAccountingDbTableStoreTest" file="C:\Users\prote\Documents\ksf_generate_catalogue\ModulesDAO\tests\Unit\FrontAccountingDbTableStoreTest.php" line="13" assertions="5" time="0.034627"/>
        <testcase name="testCrudWithStubbedFaDb" class="Ksfraser\ModulesDAO\Tests\Unit\FrontAccountingDbTableStoreTest" classname="Ksfraser.ModulesDAO.Tests.Unit.FrontAccountingDbTableStoreTest" file="C:\Users\prote\Documents\ksf_generate_catalogue\ModulesDAO\tests\Unit\FrontAccountingDbTableStoreTest.php" line="28" assertions="7" time="0.035382"/>
      </testsuite>
      <testsuite name="Ksfraser\ModulesDAO\Tests\Unit\FrontAccountingSysPrefsStoreTest" file="C:\Users\prote\Documents\ksf_generate_catalogue\ModulesDAO\tests\Unit\FrontAccountingSysPrefsStoreTest.php" tests="3" assertions="12" errors="0" warnings="0" failures="0" skipped="0" time="0.029086">
        <testcase name="testUnavailableBehaviors" class="Ksfraser\ModulesDAO\Tests\Unit\FrontAccountingSysPrefsStoreTest" classname="Ksfraser.ModulesDAO.Tests.Unit.FrontAccountingSysPrefsStoreTest" file="C:\Users\prote\Documents\ksf_generate_catalogue\ModulesDAO\tests\Unit\FrontAccountingSysPrefsStoreTest.php" line="13" assertions="5" time="0.001622"/>
        <testcase name="testUsesGetCompanyPrefAndSetCompanyPrefWhenPresent" class="Ksfraser\ModulesDAO\Tests\Unit\FrontAccountingSysPrefsStoreTest" classname="Ksfraser.ModulesDAO.Tests.Unit.FrontAccountingSysPrefsStoreTest" file="C:\Users\prote\Documents\ksf_generate_catalogue\ModulesDAO\tests\Unit\FrontAccountingSysPrefsStoreTest.php" line="28" assertions="4" time="0.014028"/>
        <testcase name="testUsesUpdateCompanyPrefsWhenSetCompanyPrefMissing" class="Ksfraser\ModulesDAO\Tests\Unit\FrontAccountingSysPrefsStoreTest" classname="Ksfraser.ModulesDAO.Tests.Unit.FrontAccountingSysPrefsStoreTest" file="C:\Users\prote\Documents\ksf_generate_catalogue\ModulesDAO\tests\Unit\FrontAccountingSysPrefsStoreTest.php" line="47" assertions="3" time="0.013436"/>
      </testsuite>
      <testsuite name="Ksfraser\ModulesDAO\Tests\Unit\KeyValueStoreFactoryTest" file="C:\Users\prote\Documents\ksf_generate_catalogue\ModulesDAO\tests\Unit\KeyValueStoreFactoryTest.php" tests="4" assertions="10" errors="0" warnings="0" failures="0" skipped="0" time="0.470167">
        <testcase name="testCreatesFileStoresAndAlias" class="Ksfraser\ModulesDAO\Tests\Unit\KeyValueStoreFactoryTest" classname="Ksfraser.ModulesDAO.Tests.Unit.KeyValueStoreFactoryTest" file="C:\Users\prote\Documents\ksf_generate_catalogue\ModulesDAO\tests\Unit\KeyValueStoreFactoryTest.php" line="19" assertions="5" time="0.076416"/>
        <testcase name="testUnknownTypeThrows" class="Ksfraser\ModulesDAO\Tests\Unit\KeyValueStoreFactoryTest" classname="Ksfraser.ModulesDAO.Tests.Unit.KeyValueStoreFactoryTest" file="C:\Users\prote\Documents\ksf_generate_catalogue\ModulesDAO\tests\Unit\KeyValueStoreFactoryTest.php" line="30" assertions="2" time="0.071169"/>
        <testcase name="testPdoTableRequiresDsnAndTable" class="Ksfraser\ModulesDAO\Tests\Unit\KeyValueStoreFactoryTest" classname="Ksfraser.ModulesDAO.Tests.Unit.KeyValueStoreFactoryTest" file="C:\Users\prote\Documents\ksf_generate_catalogue\ModulesDAO\tests\Unit\KeyValueStoreFactoryTest.php" line="39" assertions="1" time="0.000653"/>
        <testcase name="testPdoTableStoreViaFactoryWorks" class="Ksfraser\ModulesDAO\Tests\Unit\KeyValueStoreFactoryTest" classname="Ksfraser.ModulesDAO.Tests.Unit.KeyValueStoreFactoryTest" file="C:\Users\prote\Documents\ksf_generate_catalogue\ModulesDAO\tests\Unit\KeyValueStoreFactoryTest.php" line="47" assertions="2" time="0.321929"/>
      </testsuite>
      <testsuite name="Ksfraser\ModulesDAO\Tests\Unit\PdoTableStoreTest" file="C:\Users\prote\Documents\ksf_generate_catalogue\ModulesDAO\tests\Unit\PdoTableStoreTest.php" tests="1" assertions="7" errors="0" warnings="0" failures="0" skipped="0" time="0.001621">
        <testcase name="testCrudAndAllPrefix" class="Ksfraser\ModulesDAO\Tests\Unit\PdoTableStoreTest" classname="Ksfraser.ModulesDAO.Tests.Unit.PdoTableStoreTest" file="C:\Users\prote\Documents\ksf_generate_catalogue\ModulesDAO\tests\Unit\PdoTableStoreTest.php" line="21" assertions="7" time="0.001621"/>
      </testsuite>
      <testsuite name="Ksfraser\ModulesDAO\Tests\Unit\SuiteCrmAdministrationStoreTest" file="C:\Users\prote\Documents\ksf_generate_catalogue\ModulesDAO\tests\Unit\SuiteCrmAdministrationStoreTest.php" tests="2" assertions="12" errors="0" warnings="0" failures="0" skipped="0" time="0.014642">
        <testcase name="testUnavailableSuiteCrmBehaviors" class="Ksfraser\ModulesDAO\Tests\Unit\SuiteCrmAdministrationStoreTest" classname="Ksfraser.ModulesDAO.Tests.Unit.SuiteCrmAdministrationStoreTest" file="C:\Users\prote\Documents\ksf_generate_catalogue\ModulesDAO\tests\Unit\SuiteCrmAdministrationStoreTest.php" line="13" assertions="5" time="0.001620"/>
        <testcase name="testCrudAndDeleteFallback" class="Ksfraser\ModulesDAO\Tests\Unit\SuiteCrmAdministrationStoreTest" classname="Ksfraser.ModulesDAO.Tests.Unit.SuiteCrmAdministrationStoreTest" file="C:\Users\prote\Documents\ksf_generate_catalogue\ModulesDAO\tests\Unit\SuiteCrmAdministrationStoreTest.php" line="28" assertions="7" time="0.013022"/>
      </testsuite>
      <testsuite name="Ksfraser\ModulesDAO\Tests\Unit\ValueCodecTest" file="C:\Users\prote\Documents\ksf_generate_catalogue\ModulesDAO\tests\Unit\ValueCodecTest.php" tests="6" assertions="12" errors="0" warnings="0" failures="0" skipped="0" time="0.081631">
        <testcase name="testEncodeScalarsAndNull" class="Ksfraser\ModulesDAO\Tests\Unit\ValueCodecTest" classname="Ksfraser.ModulesDAO.Tests.Unit.ValueCodecTest" file="C:\Users\prote\Documents\ksf_generate_catalogue\ModulesDAO\tests\Unit\ValueCodecTest.php" line="12" assertions="6" time="0.001322"/>
        <testcase name="testEncodeJsonAndDecodeJson" class="Ksfraser\ModulesDAO\Tests\Unit\ValueCodecTest" classname="Ksfraser.ModulesDAO.Tests.Unit.ValueCodecTest" file="C:\Users\prote\Documents\ksf_generate_catalogue\ModulesDAO\tests\Unit\ValueCodecTest.php" line="22" assertions="2" time="0.078268"/>
        <testcase name="testDecodeNullRawReturnsDefault" class="Ksfraser\ModulesDAO\Tests\Unit\ValueCodecTest" classname="Ksfraser.ModulesDAO.Tests.Unit.ValueCodecTest" file="C:\Users\prote\Documents\ksf_generate_catalogue\ModulesDAO\tests\Unit\ValueCodecTest.php" line="29" assertions="1" time="0.000560"/>
        <testcase name="testDecodeInvalidJsonReturnsDefault" class="Ksfraser\ModulesDAO\Tests\Unit\ValueCodecTest" classname="Ksfraser.ModulesDAO.Tests.Unit.ValueCodecTest" file="C:\Users\prote\Documents\ksf_generate_catalogue\ModulesDAO\tests\Unit\ValueCodecTest.php" line="34" assertions="1" time="0.000504"/>
        <testcase name="testDecodeJsonNullReturnsNull" class="Ksfraser\ModulesDAO\Tests\Unit\ValueCodecTest" classname="Ksfraser.ModulesDAO.Tests.Unit.ValueCodecTest" file="C:\Users\prote\Documents\ksf_generate_catalogue\ModulesDAO\tests\Unit\ValueCodecTest.php" line="39" assertions="1" time="0.000504"/>
        <testcase name="testDecodeRawStringReturnsRaw" class="Ksfraser\ModulesDAO\Tests\Unit\ValueCodecTest" classname="Ksfraser.ModulesDAO.Tests.Unit.ValueCodecTest" file="C:\Users\prote\Documents\ksf_generate_catalogue\ModulesDAO\tests\Unit\ValueCodecTest.php" line="44" assertions="1" time="0.000473"/>
      </testsuite>
      <testsuite name="Ksfraser\ModulesDAO\Tests\Unit\WordPressOptionsStoreTest" file="C:\Users\prote\Documents\ksf_generate_catalogue\ModulesDAO\tests\Unit\WordPressOptionsStoreTest.php" tests="2" assertions="10" errors="0" warnings="0" failures="0" skipped="0" time="0.014752">
        <testcase name="testIsUnavailableWithoutWordPress" class="Ksfraser\ModulesDAO\Tests\Unit\WordPressOptionsStoreTest" classname="Ksfraser.ModulesDAO.Tests.Unit.WordPressOptionsStoreTest" file="C:\Users\prote\Documents\ksf_generate_catalogue\ModulesDAO\tests\Unit\WordPressOptionsStoreTest.php" line="12" assertions="4" time="0.001253"/>
        <testcase name="testCrudWhenWordPressFunctionsPresent" class="Ksfraser\ModulesDAO\Tests\Unit\WordPressOptionsStoreTest" classname="Ksfraser.ModulesDAO.Tests.Unit.WordPressOptionsStoreTest" file="C:\Users\prote\Documents\ksf_generate_catalogue\ModulesDAO\tests\Unit\WordPressOptionsStoreTest.php" line="24" assertions="6" time="0.013499"/>
      </testsuite>
    </testsuite>
  </testsuite>
</testsuites>
